<?xml version="1.0" encoding="UTF-8"?>
<!-- Generated by org.testng.reporters.JUnitXMLReporter -->
<testsuite ignored="3" hostname="LAPTOP-69VSKOJV" failures="0" tests="2" name="Car Loan" time="0.081" errors="0" timestamp="2023-12-04T10:41:59 IST">
  <testcase classname="test.example3" name="WebAPILoan" time="0.006"/>
  <testcase classname="test.example4" name="BikeLoan" time="0.001"/>
  <testcase classname="test.example3" name="RestAPILoan" time="0.0">
    <ignored/>
  </testcase> <!-- RestAPILoan -->
  <testcase classname="test.example4" name="Ploan" time="0.0">
    <ignored/>
  </testcase> <!-- Ploan -->
  <testcase classname="test.example4" name="CarLoan" time="0.0">
    <ignored/>
  </testcase> <!-- CarLoan -->
</testsuite> <!-- Car Loan -->
