<?xml version="1.0" encoding="UTF-8"?>
<!-- Generated by org.testng.reporters.JUnitXMLReporter -->
<testsuite ignored="0" hostname="LAPTOP-69VSKOJV" failures="0" tests="6" name="Personal Loan" time="0.101" errors="0" timestamp="2023-12-04T10:41:59 IST">
  <testcase classname="test.example1" name="Demo" time="0.008"/>
  <testcase classname="test.example1" name="Demo2" time="0.001"/>
  <testcase classname="test.example1" name="Demo3" time="0.003"/>
  <testcase classname="test.example2" name="ICICILoan" time="0.002"/>
  <testcase classname="test.example2" name="IDFCLoan" time="0.002"/>
  <testcase classname="test.example2" name="SBILoan" time="0.003"/>
</testsuite> <!-- Personal Loan -->
