<?xml version="1.0" encoding="UTF-8"?>
<!-- Generated by org.testng.reporters.JUnitXMLReporter -->
<testsuite ignored="0" hostname="LAPTOP-69VSKOJV" failures="0" tests="5" name="Regression Test" time="0.068" errors="0" timestamp="2023-12-02T01:51:03 IST">
  <testcase classname="test.example5" name="Country" time="0.007"/>
  <testcase classname="test.example5" name="District" time="0.001"/>
  <testcase classname="test.example5" name="District" time="0.002"/>
  <testcase classname="test.example5" name="District" time="0.002"/>
  <testcase classname="test.example5" name="State" time="0.001"/>
</testsuite> <!-- Regression Test -->
